[0922/215730.912:ERROR:process_memory_win.cc(73)] ReadMemory at 0x7ff6e49f0000 of 64 bytes failed: Only part of a ReadProcessMemory or WriteProcessMemory request was completed. (0x12B)
[0922/215731.147:WARNING:pe_image_reader.cc(340)] could not read dos header from C:\Program Files (x86)\Google\Chrome\Application\chrome.exe
[0922/215731.147:ERROR:process_memory_win.cc(73)] ReadMemory at 0x7fff1fe00000 of 64 bytes failed: Only part of a ReadProcessMemory or WriteProcessMemory request was completed. (0x12B)
[0922/215731.147:WARNING:pe_image_reader.cc(340)] could not read dos header from C:\WINDOWS\SYSTEM32\ntdll.dll
[0922/215731.147:ERROR:process_memory_win.cc(73)] ReadMemory at 0x7fff1e930000 of 64 bytes failed: Only part of a ReadProcessMemory or WriteProcessMemory request was completed. (0x12B)
[0922/215731.181:WARNING:pe_image_reader.cc(340)] could not read dos header from C:\WINDOWS\System32\KERNEL32.DLL
[0922/215731.181:ERROR:process_memory_win.cc(73)] ReadMemory at 0x7fff1d910000 of 64 bytes failed: Only part of a ReadProcessMemory or WriteProcessMemory request was completed. (0x12B)
[0922/215731.182:WARNING:pe_image_reader.cc(340)] could not read dos header from C:\WINDOWS\System32\KERNELBASE.dll
[0922/215731.182:ERROR:process_memory_win.cc(73)] ReadMemory at 0x7ffee2950000 of 64 bytes failed: Only part of a ReadProcessMemory or WriteProcessMemory request was completed. (0x12B)
[0922/215731.182:WARNING:pe_image_reader.cc(340)] could not read dos header from C:\Program Files (x86)\Google\Chrome\Application\85.0.4183.121\chrome_elf.dll
[0922/215731.182:ERROR:process_memory_win.cc(73)] ReadMemory at 0x7fff16f10000 of 64 bytes failed: Only part of a ReadProcessMemory or WriteProcessMemory request was completed. (0x12B)
[0922/215731.182:WARNING:pe_image_reader.cc(340)] could not read dos header from C:\WINDOWS\SYSTEM32\VERSION.dll
[0922/215731.182:ERROR:process_memory_win.cc(73)] ReadMemory at 0x1be0a290000 of 64 bytes failed: Only part of a ReadProcessMemory or WriteProcessMemory request was completed. (0x12B)
[0922/215731.182:WARNING:pe_image_reader.cc(340)] could not read dos header from C:\WINDOWS\System32\msvcrt.dll
[0922/215731.182:ERROR:process_memory_win.cc(73)] ReadMemory at 0x7fff1d640000 of 64 bytes failed: Only part of a ReadProcessMemory or WriteProcessMemory request was completed. (0x12B)
[0922/215731.182:WARNING:pe_image_reader.cc(340)] could not read dos header from C:\WINDOWS\System32\bcryptPrimitives.dll
[0922/215731.182:ERROR:process_memory_win.cc(73)] ReadMemory at 0x7fff1e110000 of 64 bytes failed: Only part of a ReadProcessMemory or WriteProcessMemory request was completed. (0x12B)
[0922/215731.182:WARNING:pe_image_reader.cc(340)] could not read dos header from C:\WINDOWS\System32\ADVAPI32.dll
[0922/215731.182:ERROR:process_memory_win.cc(73)] ReadMemory at 0x7fff1f260000 of 64 bytes failed: Only part of a ReadProcessMemory or WriteProcessMemory request was completed. (0x12B)
[0922/215731.182:WARNING:pe_image_reader.cc(340)] could not read dos header from C:\WINDOWS\System32\sechost.dll
[0922/215731.182:ERROR:process_memory_win.cc(73)] ReadMemory at 0x7fff1f550000 of 64 bytes failed: Only part of a ReadProcessMemory or WriteProcessMemory request was completed. (0x12B)
[0922/215731.182:WARNING:pe_image_reader.cc(340)] could not read dos header from C:\WINDOWS\System32\RPCRT4.dll
[0922/215731.182:ERROR:process_memory_win.cc(73)] ReadMemory at 0x7ffeb4870000 of 64 bytes failed: Only part of a ReadProcessMemory or WriteProcessMemory request was completed. (0x12B)
[0922/215731.182:WARNING:pe_image_reader.cc(340)] could not read dos header from C:\Program Files (x86)\Google\Chrome\Application\85.0.4183.121\chrome.dll
[0922/215731.182:ERROR:process_memory_win.cc(73)] ReadMemory at 0x7fff1fd50000 of 64 bytes failed: Only part of a ReadProcessMemory or WriteProcessMemory request was completed. (0x12B)
[0922/215731.182:WARNING:pe_image_reader.cc(340)] could not read dos header from C:\WINDOWS\System32\WS2_32.dll
[0922/215731.182:ERROR:process_memory_win.cc(73)] ReadMemory at 0x7fff1f0a0000 of 64 bytes failed: Only part of a ReadProcessMemory or WriteProcessMemory request was completed. (0x12B)
[0922/215731.183:WARNING:pe_image_reader.cc(340)] could not read dos header from C:\WINDOWS\System32\OLEAUT32.dll
[0922/215731.183:ERROR:process_memory_win.cc(73)] ReadMemory at 0x7fff1d740000 of 64 bytes failed: Only part of a ReadProcessMemory or WriteProcessMemory request was completed. (0x12B)
[0922/215731.183:WARNING:pe_image_reader.cc(340)] could not read dos header from C:\WINDOWS\System32\msvcp_win.dll
[0922/215731.183:ERROR:process_memory_win.cc(73)] ReadMemory at 0x7fff1d810000 of 64 bytes failed: Only part of a ReadProcessMemory or WriteProcessMemory request was completed. (0x12B)
[0922/215731.183:WARNING:pe_image_reader.cc(340)] could not read dos header from C:\WINDOWS\System32\ucrtbase.dll
[0922/215731.183:ERROR:process_memory_win.cc(73)] ReadMemory at 0x7fff1f8b0000 of 64 bytes failed: Only part of a ReadProcessMemory or WriteProcessMemory request was completed. (0x12B)
[0922/215731.183:WARNING:pe_image_reader.cc(340)] could not read dos header from C:\WINDOWS\System32\combase.dll
[0922/215731.183:ERROR:process_memory_win.cc(73)] ReadMemory at 0x7fff1d6c0000 of 64 bytes failed: Only part of a ReadProcessMemory or WriteProcessMemory request was completed. (0x12B)
[0922/215731.183:WARNING:pe_image_reader.cc(340)] could not read dos header from C:\WINDOWS\System32\WINTRUST.dll
[0922/215731.183:ERROR:process_memory_win.cc(73)] ReadMemory at 0x7fff1cd20000 of 64 bytes failed: Only part of a ReadProcessMemory or WriteProcessMemory request was completed. (0x12B)
[0922/215731.183:WARNING:pe_image_reader.cc(340)] could not read dos header from C:\WINDOWS\System32\MSASN1.dll
[0922/215731.183:ERROR:process_memory_win.cc(73)] ReadMemory at 0x7fff1dbc0000 of 64 bytes failed: Only part of a ReadProcessMemory or WriteProcessMemory request was completed. (0x12B)
[0922/215731.183:WARNING:pe_image_reader.cc(340)] could not read dos header from C:\WINDOWS\System32\CRYPT32.dll
[0922/215731.183:ERROR:process_memory_win.cc(73)] ReadMemory at 0x7fff1c1c0000 of 64 bytes failed: Only part of a ReadProcessMemory or WriteProcessMemory request was completed. (0x12B)
[0922/215731.183:WARNING:pe_image_reader.cc(340)] could not read dos header from C:\WINDOWS\SYSTEM32\IPHLPAPI.DLL
[0922/215731.183:ERROR:process_memory_win.cc(73)] ReadMemory at 0x7fff1a6c0000 of 64 bytes failed: Only part of a ReadProcessMemory or WriteProcessMemory request was completed. (0x12B)
[0922/215731.183:WARNING:pe_image_reader.cc(340)] could not read dos header from C:\WINDOWS\SYSTEM32\WINMM.dll
[0922/215731.183:ERROR:process_memory_win.cc(73)] ReadMemory at 0x7ffeef250000 of 64 bytes failed: Only part of a ReadProcessMemory or WriteProcessMemory request was completed. (0x12B)
[0922/215731.183:WARNING:pe_image_reader.cc(340)] could not read dos header from C:\WINDOWS\SYSTEM32\UIAutomationCore.DLL
[0922/215731.183:ERROR:process_memory_win.cc(73)] ReadMemory at 0x7fff09660000 of 64 bytes failed: Only part of a ReadProcessMemory or WriteProcessMemory request was completed. (0x12B)
[0922/215731.183:WARNING:pe_image_reader.cc(340)] could not read dos header from C:\WINDOWS\SYSTEM32\Secur32.dll
[0922/215731.183:ERROR:process_memory_win.cc(73)] ReadMemory at 0x7fff1cbe0000 of 64 bytes failed: Only part of a ReadProcessMemory or WriteProcessMemory request was completed. (0x12B)
[0922/215731.183:WARNING:pe_image_reader.cc(340)] could not read dos header from C:\WINDOWS\SYSTEM32\USERENV.dll
[0922/215731.183:ERROR:process_memory_win.cc(73)] ReadMemory at 0x7fff1ccf0000 of 64 bytes failed: Only part of a ReadProcessMemory or WriteProcessMemory request was completed. (0x12B)
[0922/215731.183:WARNING:pe_image_reader.cc(340)] could not read dos header from C:\WINDOWS\System32\profapi.dll
[0922/215731.184:ERROR:process_memory_win.cc(73)] ReadMemory at 0x7fff0b3d0000 of 64 bytes failed: Only part of a ReadProcessMemory or WriteProcessMemory request was completed. (0x12B)
[0922/215731.184:WARNING:pe_image_reader.cc(340)] could not read dos header from C:\WINDOWS\SYSTEM32\DWrite.dll
[0922/215731.184:ERROR:process_memory_win.cc(73)] ReadMemory at 0x7fff10880000 of 64 bytes failed: Only part of a ReadProcessMemory or WriteProcessMemory request was completed. (0x12B)
[0922/215731.184:WARNING:pe_image_reader.cc(340)] could not read dos header from C:\WINDOWS\SYSTEM32\WINSPOOL.DRV
[0922/215731.184:ERROR:process_memory_win.cc(73)] ReadMemory at 0x7fff1ccd0000 of 64 bytes failed: Only part of a ReadProcessMemory or WriteProcessMemory request was completed. (0x12B)
[0922/215731.184:WARNING:pe_image_reader.cc(340)] could not read dos header from C:\WINDOWS\System32\kernel.appcore.dll
[0922/215731.184:ERROR:process_memory_win.cc(73)] ReadMemory at 0x7fff1d610000 of 64 bytes failed: Only part of a ReadProcessMemory or WriteProcessMemory request was completed. (0x12B)
[0922/215731.184:WARNING:pe_image_reader.cc(340)] could not read dos header from C:\WINDOWS\System32\bcrypt.dll
[0922/215731.184:ERROR:process_memory_win.cc(73)] ReadMemory at 0x7fff1b610000 of 64 bytes failed: Only part of a ReadProcessMemory or WriteProcessMemory request was completed. (0x12B)
[0922/215731.184:WARNING:pe_image_reader.cc(340)] could not read dos header from C:\WINDOWS\SYSTEM32\dbghelp.dll
[0922/215731.184:ERROR:process_memory_win.cc(73)] ReadMemory at 0x7fff15630000 of 64 bytes failed: Only part of a ReadProcessMemory or WriteProcessMemory request was completed. (0x12B)
[0922/215731.184:WARNING:pe_image_reader.cc(340)] could not read dos header from C:\WINDOWS\SYSTEM32\WINHTTP.dll
[0922/215731.184:ERROR:process_memory_win.cc(73)] ReadMemory at 0x7fff11d30000 of 64 bytes failed: Only part of a ReadProcessMemory or WriteProcessMemory request was completed. (0x12B)
[0922/215731.184:WARNING:pe_image_reader.cc(340)] could not read dos header from C:\WINDOWS\SYSTEM32\dhcpcsvc.DLL
[0922/215731.184:ERROR:process_memory_win.cc(73)] ReadMemory at 0x7fff1f170000 of 64 bytes failed: Only part of a ReadProcessMemory or WriteProcessMemory request was completed. (0x12B)
[0922/215731.184:WARNING:pe_image_reader.cc(340)] could not read dos header from C:\WINDOWS\System32\NSI.dll
[0922/215731.184:ERROR:process_memory_win.cc(73)] ReadMemory at 0x7fff1a690000 of 64 bytes failed: Only part of a ReadProcessMemory or WriteProcessMemory request was completed. (0x12B)
[0922/215731.184:WARNING:pe_image_reader.cc(340)] could not read dos header from C:\WINDOWS\SYSTEM32\WINMMBASE.dll
[0922/215731.184:ERROR:process_memory_win.cc(73)] ReadMemory at 0x7fff1cd90000 of 64 bytes failed: Only part of a ReadProcessMemory or WriteProcessMemory request was completed. (0x12B)
[0922/215731.184:WARNING:pe_image_reader.cc(340)] could not read dos header from C:\WINDOWS\System32\cfgmgr32.dll
[0922/215731.184:ERROR:process_memory_win.cc(73)] ReadMemory at 0x7fff1b090000 of 64 bytes failed: Only part of a ReadProcessMemory or WriteProcessMemory request was completed. (0x12B)
[0922/215731.184:WARNING:pe_image_reader.cc(340)] could not read dos header from C:\WINDOWS\SYSTEM32\PROPSYS.dll
[0922/215731.184:ERROR:process_memory_win.cc(73)] ReadMemory at 0x7fff1deb0000 of 64 bytes failed: Only part of a ReadProcessMemory or WriteProcessMemory request was completed. (0x12B)
[0922/215731.184:WARNING:pe_image_reader.cc(340)] could not read dos header from C:\WINDOWS\System32\shcore.dll
[0922/215731.184:ERROR:process_memory_win.cc(73)] ReadMemory at 0x7fff1cba0000 of 64 bytes failed: Only part of a ReadProcessMemory or WriteProcessMemory request was completed. (0x12B)
[0922/215731.185:WARNING:pe_image_reader.cc(340)] could not read dos header from C:\WINDOWS\SYSTEM32\SSPICLI.DLL
[0922/215731.185:ERROR:process_memory_win.cc(73)] ReadMemory at 0x7fff1c680000 of 64 bytes failed: Only part of a ReadProcessMemory or WriteProcessMemory request was completed. (0x12B)
[0922/215731.185:WARNING:pe_image_reader.cc(340)] could not read dos header from C:\WINDOWS\SYSTEM32\CRYPTBASE.DLL
[0922/215731.275:ERROR:process_memory_win.cc(73)] ReadMemory at 0x7ff6e49f0000 of 64 bytes failed: Only part of a ReadProcessMemory or WriteProcessMemory request was completed. (0x12B)
[0922/215731.275:WARNING:pe_image_reader.cc(340)] could not read dos header from C:\Program Files (x86)\Google\Chrome\Application\chrome.exe
[0922/215731.275:ERROR:process_memory_win.cc(73)] ReadMemory at 0x7fff1fe00000 of 64 bytes failed: Only part of a ReadProcessMemory or WriteProcessMemory request was completed. (0x12B)
[0922/215731.275:WARNING:pe_image_reader.cc(340)] could not read dos header from C:\WINDOWS\SYSTEM32\ntdll.dll
[0922/215731.275:ERROR:process_memory_win.cc(73)] ReadMemory at 0x7fff1e930000 of 64 bytes failed: Only part of a ReadProcessMemory or WriteProcessMemory request was completed. (0x12B)
[0922/215731.275:WARNING:pe_image_reader.cc(340)] could not read dos header from C:\WINDOWS\System32\KERNEL32.DLL
[0922/215731.275:ERROR:process_memory_win.cc(73)] ReadMemory at 0x7fff1d910000 of 64 bytes failed: Only part of a ReadProcessMemory or WriteProcessMemory request was completed. (0x12B)
[0922/215731.275:WARNING:pe_image_reader.cc(340)] could not read dos header from C:\WINDOWS\System32\KERNELBASE.dll
[0922/215731.275:ERROR:process_memory_win.cc(73)] ReadMemory at 0x7ffee2950000 of 64 bytes failed: Only part of a ReadProcessMemory or WriteProcessMemory request was completed. (0x12B)
[0922/215731.275:WARNING:pe_image_reader.cc(340)] could not read dos header from C:\Program Files (x86)\Google\Chrome\Application\85.0.4183.121\chrome_elf.dll
[0922/215731.275:ERROR:process_memory_win.cc(73)] ReadMemory at 0x7fff16f10000 of 64 bytes failed: Only part of a ReadProcessMemory or WriteProcessMemory request was completed. (0x12B)
[0922/215731.275:WARNING:pe_image_reader.cc(340)] could not read dos header from C:\WINDOWS\SYSTEM32\VERSION.dll
[0922/215731.275:ERROR:process_memory_win.cc(73)] ReadMemory at 0x1be0a290000 of 64 bytes failed: Only part of a ReadProcessMemory or WriteProcessMemory request was completed. (0x12B)
[0922/215731.275:WARNING:pe_image_reader.cc(340)] could not read dos header from C:\WINDOWS\System32\msvcrt.dll
[0922/215731.275:ERROR:process_memory_win.cc(73)] ReadMemory at 0x7fff1d640000 of 64 bytes failed: Only part of a ReadProcessMemory or WriteProcessMemory request was completed. (0x12B)
[0922/215731.275:WARNING:pe_image_reader.cc(340)] could not read dos header from C:\WINDOWS\System32\bcryptPrimitives.dll
[0922/215731.275:ERROR:process_memory_win.cc(73)] ReadMemory at 0x7fff1e110000 of 64 bytes failed: Only part of a ReadProcessMemory or WriteProcessMemory request was completed. (0x12B)
[0922/215731.275:WARNING:pe_image_reader.cc(340)] could not read dos header from C:\WINDOWS\System32\ADVAPI32.dll
[0922/215731.275:ERROR:process_memory_win.cc(73)] ReadMemory at 0x7fff1f260000 of 64 bytes failed: Only part of a ReadProcessMemory or WriteProcessMemory request was completed. (0x12B)
[0922/215731.275:WARNING:pe_image_reader.cc(340)] could not read dos header from C:\WINDOWS\System32\sechost.dll
[0922/215731.275:ERROR:process_memory_win.cc(73)] ReadMemory at 0x7fff1f550000 of 64 bytes failed: Only part of a ReadProcessMemory or WriteProcessMemory request was completed. (0x12B)
[0922/215731.275:WARNING:pe_image_reader.cc(340)] could not read dos header from C:\WINDOWS\System32\RPCRT4.dll
[0922/215731.275:ERROR:process_memory_win.cc(73)] ReadMemory at 0x7ffeb4870000 of 64 bytes failed: Only part of a ReadProcessMemory or WriteProcessMemory request was completed. (0x12B)
[0922/215731.275:WARNING:pe_image_reader.cc(340)] could not read dos header from C:\Program Files (x86)\Google\Chrome\Application\85.0.4183.121\chrome.dll
[0922/215731.275:ERROR:process_memory_win.cc(73)] ReadMemory at 0x7fff1fd50000 of 64 bytes failed: Only part of a ReadProcessMemory or WriteProcessMemory request was completed. (0x12B)
[0922/215731.275:WARNING:pe_image_reader.cc(340)] could not read dos header from C:\WINDOWS\System32\WS2_32.dll
[0922/215731.275:ERROR:process_memory_win.cc(73)] ReadMemory at 0x7fff1f0a0000 of 64 bytes failed: Only part of a ReadProcessMemory or WriteProcessMemory request was completed. (0x12B)
[0922/215731.275:WARNING:pe_image_reader.cc(340)] could not read dos header from C:\WINDOWS\System32\OLEAUT32.dll
[0922/215731.275:ERROR:process_memory_win.cc(73)] ReadMemory at 0x7fff1d740000 of 64 bytes failed: Only part of a ReadProcessMemory or WriteProcessMemory request was completed. (0x12B)
[0922/215731.275:WARNING:pe_image_reader.cc(340)] could not read dos header from C:\WINDOWS\System32\msvcp_win.dll
[0922/215731.275:ERROR:process_memory_win.cc(73)] ReadMemory at 0x7fff1d810000 of 64 bytes failed: Only part of a ReadProcessMemory or WriteProcessMemory request was completed. (0x12B)
[0922/215731.275:WARNING:pe_image_reader.cc(340)] could not read dos header from C:\WINDOWS\System32\ucrtbase.dll
[0922/215731.275:ERROR:process_memory_win.cc(73)] ReadMemory at 0x7fff1f8b0000 of 64 bytes failed: Only part of a ReadProcessMemory or WriteProcessMemory request was completed. (0x12B)
[0922/215731.275:WARNING:pe_image_reader.cc(340)] could not read dos header from C:\WINDOWS\System32\combase.dll
[0922/215731.275:ERROR:process_memory_win.cc(73)] ReadMemory at 0x7fff1d6c0000 of 64 bytes failed: Only part of a ReadProcessMemory or WriteProcessMemory request was completed. (0x12B)
[0922/215731.275:WARNING:pe_image_reader.cc(340)] could not read dos header from C:\WINDOWS\System32\WINTRUST.dll
[0922/215731.275:ERROR:process_memory_win.cc(73)] ReadMemory at 0x7fff1cd20000 of 64 bytes failed: Only part of a ReadProcessMemory or WriteProcessMemory request was completed. (0x12B)
[0922/215731.275:WARNING:pe_image_reader.cc(340)] could not read dos header from C:\WINDOWS\System32\MSASN1.dll
[0922/215731.275:ERROR:process_memory_win.cc(73)] ReadMemory at 0x7fff1dbc0000 of 64 bytes failed: Only part of a ReadProcessMemory or WriteProcessMemory request was completed. (0x12B)
[0922/215731.275:WARNING:pe_image_reader.cc(340)] could not read dos header from C:\WINDOWS\System32\CRYPT32.dll
[0922/215731.275:ERROR:process_memory_win.cc(73)] ReadMemory at 0x7fff1c1c0000 of 64 bytes failed: Only part of a ReadProcessMemory or WriteProcessMemory request was completed. (0x12B)
[0922/215731.275:WARNING:pe_image_reader.cc(340)] could not read dos header from C:\WINDOWS\SYSTEM32\IPHLPAPI.DLL
[0922/215731.275:ERROR:process_memory_win.cc(73)] ReadMemory at 0x7fff1a6c0000 of 64 bytes failed: Only part of a ReadProcessMemory or WriteProcessMemory request was completed. (0x12B)
[0922/215731.275:WARNING:pe_image_reader.cc(340)] could not read dos header from C:\WINDOWS\SYSTEM32\WINMM.dll
[0922/215731.275:ERROR:process_memory_win.cc(73)] ReadMemory at 0x7ffeef250000 of 64 bytes failed: Only part of a ReadProcessMemory or WriteProcessMemory request was completed. (0x12B)
[0922/215731.275:WARNING:pe_image_reader.cc(340)] could not read dos header from C:\WINDOWS\SYSTEM32\UIAutomationCore.DLL
[0922/215731.275:ERROR:process_memory_win.cc(73)] ReadMemory at 0x7fff09660000 of 64 bytes failed: Only part of a ReadProcessMemory or WriteProcessMemory request was completed. (0x12B)
[0922/215731.275:WARNING:pe_image_reader.cc(340)] could not read dos header from C:\WINDOWS\SYSTEM32\Secur32.dll
[0922/215731.275:ERROR:process_memory_win.cc(73)] ReadMemory at 0x7fff1cbe0000 of 64 bytes failed: Only part of a ReadProcessMemory or WriteProcessMemory request was completed. (0x12B)
[0922/215731.275:WARNING:pe_image_reader.cc(340)] could not read dos header from C:\WINDOWS\SYSTEM32\USERENV.dll
[0922/215731.275:ERROR:process_memory_win.cc(73)] ReadMemory at 0x7fff1ccf0000 of 64 bytes failed: Only part of a ReadProcessMemory or WriteProcessMemory request was completed. (0x12B)
[0922/215731.275:WARNING:pe_image_reader.cc(340)] could not read dos header from C:\WINDOWS\System32\profapi.dll
[0922/215731.275:ERROR:process_memory_win.cc(73)] ReadMemory at 0x7fff0b3d0000 of 64 bytes failed: Only part of a ReadProcessMemory or WriteProcessMemory request was completed. (0x12B)
[0922/215731.275:WARNING:pe_image_reader.cc(340)] could not read dos header from C:\WINDOWS\SYSTEM32\DWrite.dll
[0922/215731.275:ERROR:process_memory_win.cc(73)] ReadMemory at 0x7fff10880000 of 64 bytes failed: Only part of a ReadProcessMemory or WriteProcessMemory request was completed. (0x12B)
[0922/215731.275:WARNING:pe_image_reader.cc(340)] could not read dos header from C:\WINDOWS\SYSTEM32\WINSPOOL.DRV
[0922/215731.275:ERROR:process_memory_win.cc(73)] ReadMemory at 0x7fff1ccd0000 of 64 bytes failed: Only part of a ReadProcessMemory or WriteProcessMemory request was completed. (0x12B)
[0922/215731.275:WARNING:pe_image_reader.cc(340)] could not read dos header from C:\WINDOWS\System32\kernel.appcore.dll
[0922/215731.275:ERROR:process_memory_win.cc(73)] ReadMemory at 0x7fff1d610000 of 64 bytes failed: Only part of a ReadProcessMemory or WriteProcessMemory request was completed. (0x12B)
[0922/215731.291:WARNING:pe_image_reader.cc(340)] could not read dos header from C:\WINDOWS\System32\bcrypt.dll
[0922/215731.291:ERROR:process_memory_win.cc(73)] ReadMemory at 0x7fff1b610000 of 64 bytes failed: Only part of a ReadProcessMemory or WriteProcessMemory request was completed. (0x12B)
[0922/215731.291:WARNING:pe_image_reader.cc(340)] could not read dos header from C:\WINDOWS\SYSTEM32\dbghelp.dll
[0922/215731.291:ERROR:process_memory_win.cc(73)] ReadMemory at 0x7fff15630000 of 64 bytes failed: Only part of a ReadProcessMemory or WriteProcessMemory request was completed. (0x12B)
[0922/215731.291:WARNING:pe_image_reader.cc(340)] could not read dos header from C:\WINDOWS\SYSTEM32\WINHTTP.dll
[0922/215731.291:ERROR:process_memory_win.cc(73)] ReadMemory at 0x7fff11d30000 of 64 bytes failed: Only part of a ReadProcessMemory or WriteProcessMemory request was completed. (0x12B)
[0922/215731.291:WARNING:pe_image_reader.cc(340)] could not read dos header from C:\WINDOWS\SYSTEM32\dhcpcsvc.DLL
[0922/215731.291:ERROR:process_memory_win.cc(73)] ReadMemory at 0x7fff1f170000 of 64 bytes failed: Only part of a ReadProcessMemory or WriteProcessMemory request was completed. (0x12B)
[0922/215731.291:WARNING:pe_image_reader.cc(340)] could not read dos header from C:\WINDOWS\System32\NSI.dll
[0922/215731.291:ERROR:process_memory_win.cc(73)] ReadMemory at 0x7fff1a690000 of 64 bytes failed: Only part of a ReadProcessMemory or WriteProcessMemory request was completed. (0x12B)
[0922/215731.291:WARNING:pe_image_reader.cc(340)] could not read dos header from C:\WINDOWS\SYSTEM32\WINMMBASE.dll
[0922/215731.291:ERROR:process_memory_win.cc(73)] ReadMemory at 0x7fff1cd90000 of 64 bytes failed: Only part of a ReadProcessMemory or WriteProcessMemory request was completed. (0x12B)
[0922/215731.291:WARNING:pe_image_reader.cc(340)] could not read dos header from C:\WINDOWS\System32\cfgmgr32.dll
[0922/215731.291:ERROR:process_memory_win.cc(73)] ReadMemory at 0x7fff1b090000 of 64 bytes failed: Only part of a ReadProcessMemory or WriteProcessMemory request was completed. (0x12B)
[0922/215731.291:WARNING:pe_image_reader.cc(340)] could not read dos header from C:\WINDOWS\SYSTEM32\PROPSYS.dll
[0922/215731.291:ERROR:process_memory_win.cc(73)] ReadMemory at 0x7fff1deb0000 of 64 bytes failed: Only part of a ReadProcessMemory or WriteProcessMemory request was completed. (0x12B)
[0922/215731.291:WARNING:pe_image_reader.cc(340)] could not read dos header from C:\WINDOWS\System32\shcore.dll
[0922/215731.291:ERROR:process_memory_win.cc(73)] ReadMemory at 0x7fff1cba0000 of 64 bytes failed: Only part of a ReadProcessMemory or WriteProcessMemory request was completed. (0x12B)
[0922/215731.291:WARNING:pe_image_reader.cc(340)] could not read dos header from C:\WINDOWS\SYSTEM32\SSPICLI.DLL
[0922/215731.291:ERROR:process_memory_win.cc(73)] ReadMemory at 0x7fff1c680000 of 64 bytes failed: Only part of a ReadProcessMemory or WriteProcessMemory request was completed. (0x12B)
[0922/215731.291:WARNING:pe_image_reader.cc(340)] could not read dos header from C:\WINDOWS\SYSTEM32\CRYPTBASE.DLL
[0922/215731.291:ERROR:process_memory_win.cc(73)] ReadMemory at 0x7ff6e49f0000 of 64 bytes failed: Only part of a ReadProcessMemory or WriteProcessMemory request was completed. (0x12B)
[0922/215731.291:WARNING:pe_image_reader.cc(340)] could not read dos header from C:\Program Files (x86)\Google\Chrome\Application\chrome.exe
[0922/215731.291:ERROR:process_memory_win.cc(73)] ReadMemory at 0x7fff1fe00000 of 64 bytes failed: Only part of a ReadProcessMemory or WriteProcessMemory request was completed. (0x12B)
[0922/215731.291:WARNING:pe_image_reader.cc(340)] could not read dos header from C:\WINDOWS\SYSTEM32\ntdll.dll
[0922/215731.291:ERROR:process_memory_win.cc(73)] ReadMemory at 0x7fff1e930000 of 64 bytes failed: Only part of a ReadProcessMemory or WriteProcessMemory request was completed. (0x12B)
[0922/215731.291:WARNING:pe_image_reader.cc(340)] could not read dos header from C:\WINDOWS\System32\KERNEL32.DLL
[0922/215731.291:ERROR:process_memory_win.cc(73)] ReadMemory at 0x7fff1d910000 of 64 bytes failed: Only part of a ReadProcessMemory or WriteProcessMemory request was completed. (0x12B)
[0922/215731.291:WARNING:pe_image_reader.cc(340)] could not read dos header from C:\WINDOWS\System32\KERNELBASE.dll
[0922/215731.291:ERROR:process_memory_win.cc(73)] ReadMemory at 0x7ffee2950000 of 64 bytes failed: Only part of a ReadProcessMemory or WriteProcessMemory request was completed. (0x12B)
[0922/215731.291:WARNING:pe_image_reader.cc(340)] could not read dos header from C:\Program Files (x86)\Google\Chrome\Application\85.0.4183.121\chrome_elf.dll
[0922/215731.291:ERROR:process_memory_win.cc(73)] ReadMemory at 0x7fff16f10000 of 64 bytes failed: Only part of a ReadProcessMemory or WriteProcessMemory request was completed. (0x12B)
[0922/215731.291:WARNING:pe_image_reader.cc(340)] could not read dos header from C:\WINDOWS\SYSTEM32\VERSION.dll
[0922/215731.291:ERROR:process_memory_win.cc(73)] ReadMemory at 0x1be0a290000 of 64 bytes failed: Only part of a ReadProcessMemory or WriteProcessMemory request was completed. (0x12B)
[0922/215731.291:WARNING:pe_image_reader.cc(340)] could not read dos header from C:\WINDOWS\System32\msvcrt.dll
[0922/215731.291:ERROR:process_memory_win.cc(73)] ReadMemory at 0x7fff1d640000 of 64 bytes failed: Only part of a ReadProcessMemory or WriteProcessMemory request was completed. (0x12B)
[0922/215731.291:WARNING:pe_image_reader.cc(340)] could not read dos header from C:\WINDOWS\System32\bcryptPrimitives.dll
[0922/215731.291:ERROR:process_memory_win.cc(73)] ReadMemory at 0x7fff1e110000 of 64 bytes failed: Only part of a ReadProcessMemory or WriteProcessMemory request was completed. (0x12B)
[0922/215731.291:WARNING:pe_image_reader.cc(340)] could not read dos header from C:\WINDOWS\System32\ADVAPI32.dll
[0922/215731.291:ERROR:process_memory_win.cc(73)] ReadMemory at 0x7fff1f260000 of 64 bytes failed: Only part of a ReadProcessMemory or WriteProcessMemory request was completed. (0x12B)
[0922/215731.291:WARNING:pe_image_reader.cc(340)] could not read dos header from C:\WINDOWS\System32\sechost.dll
[0922/215731.291:ERROR:process_memory_win.cc(73)] ReadMemory at 0x7fff1f550000 of 64 bytes failed: Only part of a ReadProcessMemory or WriteProcessMemory request was completed. (0x12B)
[0922/215731.291:WARNING:pe_image_reader.cc(340)] could not read dos header from C:\WINDOWS\System32\RPCRT4.dll
[0922/215731.291:ERROR:process_memory_win.cc(73)] ReadMemory at 0x7ffeb4870000 of 64 bytes failed: Only part of a ReadProcessMemory or WriteProcessMemory request was completed. (0x12B)
[0922/215731.291:WARNING:pe_image_reader.cc(340)] could not read dos header from C:\Program Files (x86)\Google\Chrome\Application\85.0.4183.121\chrome.dll
[0922/215731.291:ERROR:process_memory_win.cc(73)] ReadMemory at 0x7fff1fd50000 of 64 bytes failed: Only part of a ReadProcessMemory or WriteProcessMemory request was completed. (0x12B)
[0922/215731.291:WARNING:pe_image_reader.cc(340)] could not read dos header from C:\WINDOWS\System32\WS2_32.dll
[0922/215731.291:ERROR:process_memory_win.cc(73)] ReadMemory at 0x7fff1f0a0000 of 64 bytes failed: Only part of a ReadProcessMemory or WriteProcessMemory request was completed. (0x12B)
[0922/215731.291:WARNING:pe_image_reader.cc(340)] could not read dos header from C:\WINDOWS\System32\OLEAUT32.dll
[0922/215731.291:ERROR:process_memory_win.cc(73)] ReadMemory at 0x7fff1d740000 of 64 bytes failed: Only part of a ReadProcessMemory or WriteProcessMemory request was completed. (0x12B)
[0922/215731.291:WARNING:pe_image_reader.cc(340)] could not read dos header from C:\WINDOWS\System32\msvcp_win.dll
[0922/215731.291:ERROR:process_memory_win.cc(73)] ReadMemory at 0x7fff1d810000 of 64 bytes failed: Only part of a ReadProcessMemory or WriteProcessMemory request was completed. (0x12B)
[0922/215731.291:WARNING:pe_image_reader.cc(340)] could not read dos header from C:\WINDOWS\System32\ucrtbase.dll
[0922/215731.291:ERROR:process_memory_win.cc(73)] ReadMemory at 0x7fff1f8b0000 of 64 bytes failed: Only part of a ReadProcessMemory or WriteProcessMemory request was completed. (0x12B)
[0922/215731.291:WARNING:pe_image_reader.cc(340)] could not read dos header from C:\WINDOWS\System32\combase.dll
[0922/215731.291:ERROR:process_memory_win.cc(73)] ReadMemory at 0x7fff1d6c0000 of 64 bytes failed: Only part of a ReadProcessMemory or WriteProcessMemory request was completed. (0x12B)
[0922/215731.291:WARNING:pe_image_reader.cc(340)] could not read dos header from C:\WINDOWS\System32\WINTRUST.dll
[0922/215731.291:ERROR:process_memory_win.cc(73)] ReadMemory at 0x7fff1cd20000 of 64 bytes failed: Only part of a ReadProcessMemory or WriteProcessMemory request was completed. (0x12B)
[0922/215731.291:WARNING:pe_image_reader.cc(340)] could not read dos header from C:\WINDOWS\System32\MSASN1.dll
[0922/215731.291:ERROR:process_memory_win.cc(73)] ReadMemory at 0x7fff1dbc0000 of 64 bytes failed: Only part of a ReadProcessMemory or WriteProcessMemory request was completed. (0x12B)
[0922/215731.291:WARNING:pe_image_reader.cc(340)] could not read dos header from C:\WINDOWS\System32\CRYPT32.dll
[0922/215731.291:ERROR:process_memory_win.cc(73)] ReadMemory at 0x7fff1c1c0000 of 64 bytes failed: Only part of a ReadProcessMemory or WriteProcessMemory request was completed. (0x12B)
[0922/215731.291:WARNING:pe_image_reader.cc(340)] could not read dos header from C:\WINDOWS\SYSTEM32\IPHLPAPI.DLL
[0922/215731.291:ERROR:process_memory_win.cc(73)] ReadMemory at 0x7fff1a6c0000 of 64 bytes failed: Only part of a ReadProcessMemory or WriteProcessMemory request was completed. (0x12B)
[0922/215731.291:WARNING:pe_image_reader.cc(340)] could not read dos header from C:\WINDOWS\SYSTEM32\WINMM.dll
[0922/215731.291:ERROR:process_memory_win.cc(73)] ReadMemory at 0x7ffeef250000 of 64 bytes failed: Only part of a ReadProcessMemory or WriteProcessMemory request was completed. (0x12B)
[0922/215731.291:WARNING:pe_image_reader.cc(340)] could not read dos header from C:\WINDOWS\SYSTEM32\UIAutomationCore.DLL
[0922/215731.291:ERROR:process_memory_win.cc(73)] ReadMemory at 0x7fff09660000 of 64 bytes failed: Only part of a ReadProcessMemory or WriteProcessMemory request was completed. (0x12B)
[0922/215731.291:WARNING:pe_image_reader.cc(340)] could not read dos header from C:\WINDOWS\SYSTEM32\Secur32.dll
[0922/215731.291:ERROR:process_memory_win.cc(73)] ReadMemory at 0x7fff1cbe0000 of 64 bytes failed: Only part of a ReadProcessMemory or WriteProcessMemory request was completed. (0x12B)
[0922/215731.291:WARNING:pe_image_reader.cc(340)] could not read dos header from C:\WINDOWS\SYSTEM32\USERENV.dll
[0922/215731.291:ERROR:process_memory_win.cc(73)] ReadMemory at 0x7fff1ccf0000 of 64 bytes failed: Only part of a ReadProcessMemory or WriteProcessMemory request was completed. (0x12B)
[0922/215731.291:WARNING:pe_image_reader.cc(340)] could not read dos header from C:\WINDOWS\System32\profapi.dll
[0922/215731.291:ERROR:process_memory_win.cc(73)] ReadMemory at 0x7fff0b3d0000 of 64 bytes failed: Only part of a ReadProcessMemory or WriteProcessMemory request was completed. (0x12B)
[0922/215731.291:WARNING:pe_image_reader.cc(340)] could not read dos header from C:\WINDOWS\SYSTEM32\DWrite.dll
[0922/215731.291:ERROR:process_memory_win.cc(73)] ReadMemory at 0x7fff10880000 of 64 bytes failed: Only part of a ReadProcessMemory or WriteProcessMemory request was completed. (0x12B)
[0922/215731.291:WARNING:pe_image_reader.cc(340)] could not read dos header from C:\WINDOWS\SYSTEM32\WINSPOOL.DRV
[0922/215731.291:ERROR:process_memory_win.cc(73)] ReadMemory at 0x7fff1ccd0000 of 64 bytes failed: Only part of a ReadProcessMemory or WriteProcessMemory request was completed. (0x12B)
[0922/215731.291:WARNING:pe_image_reader.cc(340)] could not read dos header from C:\WINDOWS\System32\kernel.appcore.dll
[0922/215731.291:ERROR:process_memory_win.cc(73)] ReadMemory at 0x7fff1d610000 of 64 bytes failed: Only part of a ReadProcessMemory or WriteProcessMemory request was completed. (0x12B)
[0922/215731.291:WARNING:pe_image_reader.cc(340)] could not read dos header from C:\WINDOWS\System32\bcrypt.dll
[0922/215731.291:ERROR:process_memory_win.cc(73)] ReadMemory at 0x7fff1b610000 of 64 bytes failed: Only part of a ReadProcessMemory or WriteProcessMemory request was completed. (0x12B)
[0922/215731.291:WARNING:pe_image_reader.cc(340)] could not read dos header from C:\WINDOWS\SYSTEM32\dbghelp.dll
[0922/215731.291:ERROR:process_memory_win.cc(73)] ReadMemory at 0x7fff15630000 of 64 bytes failed: Only part of a ReadProcessMemory or WriteProcessMemory request was completed. (0x12B)
[0922/215731.291:WARNING:pe_image_reader.cc(340)] could not read dos header from C:\WINDOWS\SYSTEM32\WINHTTP.dll
[0922/215731.291:ERROR:process_memory_win.cc(73)] ReadMemory at 0x7fff11d30000 of 64 bytes failed: Only part of a ReadProcessMemory or WriteProcessMemory request was completed. (0x12B)
[0922/215731.291:WARNING:pe_image_reader.cc(340)] could not read dos header from C:\WINDOWS\SYSTEM32\dhcpcsvc.DLL
[0922/215731.291:ERROR:process_memory_win.cc(73)] ReadMemory at 0x7fff1f170000 of 64 bytes failed: Only part of a ReadProcessMemory or WriteProcessMemory request was completed. (0x12B)
[0922/215731.291:WARNING:pe_image_reader.cc(340)] could not read dos header from C:\WINDOWS\System32\NSI.dll
[0922/215731.291:ERROR:process_memory_win.cc(73)] ReadMemory at 0x7fff1a690000 of 64 bytes failed: Only part of a ReadProcessMemory or WriteProcessMemory request was completed. (0x12B)
[0922/215731.291:WARNING:pe_image_reader.cc(340)] could not read dos header from C:\WINDOWS\SYSTEM32\WINMMBASE.dll
[0922/215731.291:ERROR:process_memory_win.cc(73)] ReadMemory at 0x7fff1cd90000 of 64 bytes failed: Only part of a ReadProcessMemory or WriteProcessMemory request was completed. (0x12B)
[0922/215731.291:WARNING:pe_image_reader.cc(340)] could not read dos header from C:\WINDOWS\System32\cfgmgr32.dll
[0922/215731.291:ERROR:process_memory_win.cc(73)] ReadMemory at 0x7fff1b090000 of 64 bytes failed: Only part of a ReadProcessMemory or WriteProcessMemory request was completed. (0x12B)
[0922/215731.291:WARNING:pe_image_reader.cc(340)] could not read dos header from C:\WINDOWS\SYSTEM32\PROPSYS.dll
[0922/215731.291:ERROR:process_memory_win.cc(73)] ReadMemory at 0x7fff1deb0000 of 64 bytes failed: Only part of a ReadProcessMemory or WriteProcessMemory request was completed. (0x12B)
[0922/215731.291:WARNING:pe_image_reader.cc(340)] could not read dos header from C:\WINDOWS\System32\shcore.dll
[0922/215731.291:ERROR:process_memory_win.cc(73)] ReadMemory at 0x7fff1cba0000 of 64 bytes failed: Only part of a ReadProcessMemory or WriteProcessMemory request was completed. (0x12B)
[0922/215731.291:WARNING:pe_image_reader.cc(340)] could not read dos header from C:\WINDOWS\SYSTEM32\SSPICLI.DLL
[0922/215731.291:ERROR:process_memory_win.cc(73)] ReadMemory at 0x7fff1c680000 of 64 bytes failed: Only part of a ReadProcessMemory or WriteProcessMemory request was completed. (0x12B)
[0922/215731.291:WARNING:pe_image_reader.cc(340)] could not read dos header from C:\WINDOWS\SYSTEM32\CRYPTBASE.DLL
[0922/215731.976:ERROR:process_memory_win.cc(73)] ReadMemory at 0x5b399ef000 of 69632 bytes failed: Only part of a ReadProcessMemory or WriteProcessMemory request was completed. (0x12B)
[0922/215731.976:ERROR:process_memory_win.cc(73)] ReadMemory at 0x5b3a1fd000 of 12288 bytes failed: Only part of a ReadProcessMemory or WriteProcessMemory request was completed. (0x12B)
[0922/215731.976:ERROR:process_memory_win.cc(73)] ReadMemory at 0x5b3b1fd000 of 12288 bytes failed: Only part of a ReadProcessMemory or WriteProcessMemory request was completed. (0x12B)
[0922/215731.976:ERROR:process_memory_win.cc(73)] ReadMemory at 0x5b3b9fc000 of 16384 bytes failed: Only part of a ReadProcessMemory or WriteProcessMemory request was completed. (0x12B)
[0922/215731.976:ERROR:process_memory_win.cc(73)] ReadMemory at 0x5b3c1ff000 of 4096 bytes failed: Only part of a ReadProcessMemory or WriteProcessMemory request was completed. (0x12B)
[0922/215731.977:ERROR:process_memory_win.cc(73)] ReadMemory at 0x5b3c9fd000 of 12288 bytes failed: Only part of a ReadProcessMemory or WriteProcessMemory request was completed. (0x12B)
[0922/215731.977:ERROR:process_memory_win.cc(73)] ReadMemory at 0x5b3d1fc000 of 16384 bytes failed: Only part of a ReadProcessMemory or WriteProcessMemory request was completed. (0x12B)
[0922/215731.977:ERROR:process_memory_win.cc(73)] ReadMemory at 0x5b3e1fd000 of 12288 bytes failed: Only part of a ReadProcessMemory or WriteProcessMemory request was completed. (0x12B)
[0922/215731.977:ERROR:process_memory_win.cc(73)] ReadMemory at 0x5b3e9fc000 of 16384 bytes failed: Only part of a ReadProcessMemory or WriteProcessMemory request was completed. (0x12B)
[0922/215731.977:ERROR:process_memory_win.cc(73)] ReadMemory at 0x5b3f1fc000 of 16384 bytes failed: Only part of a ReadProcessMemory or WriteProcessMemory request was completed. (0x12B)
[0922/215731.977:ERROR:process_memory_win.cc(73)] ReadMemory at 0x5b3f9fc000 of 16384 bytes failed: Only part of a ReadProcessMemory or WriteProcessMemory request was completed. (0x12B)
[0922/215731.977:ERROR:process_memory_win.cc(73)] ReadMemory at 0x5b401fb000 of 20480 bytes failed: Only part of a ReadProcessMemory or WriteProcessMemory request was completed. (0x12B)
[0922/215731.977:ERROR:process_memory_win.cc(73)] ReadMemory at 0x5b409fd000 of 12288 bytes failed: Only part of a ReadProcessMemory or WriteProcessMemory request was completed. (0x12B)
[0922/215731.977:ERROR:process_memory_win.cc(73)] ReadMemory at 0x5b431fc000 of 16384 bytes failed: Only part of a ReadProcessMemory or WriteProcessMemory request was completed. (0x12B)
[0922/215731.977:ERROR:process_memory_win.cc(73)] ReadMemory at 0x5b411fc000 of 16384 bytes failed: Only part of a ReadProcessMemory or WriteProcessMemory request was completed. (0x12B)
[0922/215731.977:ERROR:process_memory_win.cc(73)] ReadMemory at 0x5b3a9fd000 of 12288 bytes failed: Only part of a ReadProcessMemory or WriteProcessMemory request was completed. (0x12B)
[0922/215731.977:ERROR:process_memory_win.cc(73)] ReadMemory at 0x5b3d9fc000 of 16384 bytes failed: Only part of a ReadProcessMemory or WriteProcessMemory request was completed. (0x12B)
[0922/215731.977:ERROR:process_memory_win.cc(73)] ReadMemory at 0x5b419fc000 of 16384 bytes failed: Only part of a ReadProcessMemory or WriteProcessMemory request was completed. (0x12B)
[0922/215731.977:ERROR:process_memory_win.cc(73)] ReadMemory at 0x5b421fc000 of 16384 bytes failed: Only part of a ReadProcessMemory or WriteProcessMemory request was completed. (0x12B)
[0922/215731.977:ERROR:process_memory_win.cc(73)] ReadMemory at 0x5b429fc000 of 16384 bytes failed: Only part of a ReadProcessMemory or WriteProcessMemory request was completed. (0x12B)
[0922/215731.978:ERROR:process_memory_win.cc(73)] ReadMemory at 0x5b439fc000 of 16384 bytes failed: Only part of a ReadProcessMemory or WriteProcessMemory request was completed. (0x12B)
[0922/215731.978:ERROR:process_memory_win.cc(73)] ReadMemory at 0x5b441ff000 of 4096 bytes failed: Only part of a ReadProcessMemory or WriteProcessMemory request was completed. (0x12B)
[0922/215731.978:ERROR:process_memory_win.cc(73)] ReadMemory at 0x5b39002000 of 6024 bytes failed: Only part of a ReadProcessMemory or WriteProcessMemory request was completed. (0x12B)
[0922/215731.978:ERROR:process_memory_win.cc(73)] ReadMemory at 0x5b39004000 of 6024 bytes failed: Only part of a ReadProcessMemory or WriteProcessMemory request was completed. (0x12B)
[0922/215731.978:ERROR:process_memory_win.cc(73)] ReadMemory at 0x5b39006000 of 6024 bytes failed: Only part of a ReadProcessMemory or WriteProcessMemory request was completed. (0x12B)
[0922/215731.978:ERROR:process_memory_win.cc(73)] ReadMemory at 0x5b39008000 of 6024 bytes failed: Only part of a ReadProcessMemory or WriteProcessMemory request was completed. (0x12B)
[0922/215731.978:ERROR:process_memory_win.cc(73)] ReadMemory at 0x5b3900a000 of 6024 bytes failed: Only part of a ReadProcessMemory or WriteProcessMemory request was completed. (0x12B)
[0922/215731.978:ERROR:process_memory_win.cc(73)] ReadMemory at 0x5b3900e000 of 6024 bytes failed: Only part of a ReadProcessMemory or WriteProcessMemory request was completed. (0x12B)
[0922/215731.978:ERROR:process_memory_win.cc(73)] ReadMemory at 0x5b39010000 of 6024 bytes failed: Only part of a ReadProcessMemory or WriteProcessMemory request was completed. (0x12B)
[0922/215731.978:ERROR:process_memory_win.cc(73)] ReadMemory at 0x5b39012000 of 6024 bytes failed: Only part of a ReadProcessMemory or WriteProcessMemory request was completed. (0x12B)
[0922/215731.978:ERROR:process_memory_win.cc(73)] ReadMemory at 0x5b39014000 of 6024 bytes failed: Only part of a ReadProcessMemory or WriteProcessMemory request was completed. (0x12B)
[0922/215731.978:ERROR:process_memory_win.cc(73)] ReadMemory at 0x5b39016000 of 6024 bytes failed: Only part of a ReadProcessMemory or WriteProcessMemory request was completed. (0x12B)
[0922/215731.978:ERROR:process_memory_win.cc(73)] ReadMemory at 0x5b39018000 of 6024 bytes failed: Only part of a ReadProcessMemory or WriteProcessMemory request was completed. (0x12B)
[0922/215731.981:ERROR:process_memory_win.cc(73)] ReadMemory at 0x5b39026000 of 6024 bytes failed: Only part of a ReadProcessMemory or WriteProcessMemory request was completed. (0x12B)
[0922/215731.981:ERROR:process_memory_win.cc(73)] ReadMemory at 0x5b3902c000 of 6024 bytes failed: Only part of a ReadProcessMemory or WriteProcessMemory request was completed. (0x12B)
[0922/215731.981:ERROR:process_memory_win.cc(73)] ReadMemory at 0x5b39032000 of 6024 bytes failed: Only part of a ReadProcessMemory or WriteProcessMemory request was completed. (0x12B)
[0922/215731.981:ERROR:process_memory_win.cc(73)] ReadMemory at 0x5b39034000 of 6024 bytes failed: Only part of a ReadProcessMemory or WriteProcessMemory request was completed. (0x12B)
[0922/215731.981:ERROR:process_memory_win.cc(73)] ReadMemory at 0x5b39036000 of 6024 bytes failed: Only part of a ReadProcessMemory or WriteProcessMemory request was completed. (0x12B)
[0922/215731.981:ERROR:process_memory_win.cc(73)] ReadMemory at 0x5b39038000 of 6024 bytes failed: Only part of a ReadProcessMemory or WriteProcessMemory request was completed. (0x12B)
[0922/215731.981:ERROR:process_memory_win.cc(73)] ReadMemory at 0x5b3903a000 of 6024 bytes failed: Only part of a ReadProcessMemory or WriteProcessMemory request was completed. (0x12B)
[0922/215731.981:ERROR:process_memory_win.cc(73)] ReadMemory at 0x5b3903c000 of 6024 bytes failed: Only part of a ReadProcessMemory or WriteProcessMemory request was completed. (0x12B)
[0922/215731.982:ERROR:process_memory_win.cc(73)] ReadMemory at 0x5b3903e000 of 6024 bytes failed: Only part of a ReadProcessMemory or WriteProcessMemory request was completed. (0x12B)
[0922/215731.982:ERROR:process_memory_win.cc(73)] ReadMemory at 0x5b391fb000 of 852 bytes failed: Only part of a ReadProcessMemory or WriteProcessMemory request was completed. (0x12B)
[0922/215731.982:ERROR:process_memory_win.cc(73)] ReadMemory at 0x5b391fc000 of 6024 bytes failed: Only part of a ReadProcessMemory or WriteProcessMemory request was completed. (0x12B)
[0922/215731.982:ERROR:process_memory_win.cc(73)] ReadMemory at 0x5b391fe000 of 6024 bytes failed: Only part of a ReadProcessMemory or WriteProcessMemory request was completed. (0x12B)
[0922/215731.982:ERROR:process_memory_win.cc(73)] ReadMemory at 0x1be0a340fe0 of 22006 bytes failed: Only part of a ReadProcessMemory or WriteProcessMemory request was completed. (0x12B)
[0922/215731.982:ERROR:process_memory_win.cc(73)] ReadMemory at 0x1be0a3465e0 of 1012 bytes failed: Only part of a ReadProcessMemory or WriteProcessMemory request was completed. (0x12B)
[0922/215731.982:ERROR:process_memory_win.cc(73)] ReadMemory at 0x1be0a346c28 of 118 bytes failed: Only part of a ReadProcessMemory or WriteProcessMemory request was completed. (0x12B)
[0922/215731.982:ERROR:process_memory_win.cc(73)] ReadMemory at 0x1be0a346ca0 of 762 bytes failed: Only part of a ReadProcessMemory or WriteProcessMemory request was completed. (0x12B)
[0922/215731.982:ERROR:process_memory_win.cc(73)] ReadMemory at 0x1be0a346f9c of 118 bytes failed: Only part of a ReadProcessMemory or WriteProcessMemory request was completed. (0x12B)
[0922/215731.982:ERROR:process_memory_win.cc(73)] ReadMemory at 0x1be0a347014 of 102 bytes failed: Only part of a ReadProcessMemory or WriteProcessMemory request was completed. (0x12B)
[0922/215731.982:ERROR:process_memory_win.cc(73)] ReadMemory at 0x1be0a347090 of 58 bytes failed: Only part of a ReadProcessMemory or WriteProcessMemory request was completed. (0x12B)
[0922/215731.982:ERROR:process_memory_win.cc(73)] ReadMemory at 0x1be0a347190 of 132 bytes failed: Only part of a ReadProcessMemory or WriteProcessMemory request was completed. (0x12B)
[0922/215731.982:ERROR:process_memory_win.cc(73)] ReadMemory at 0x1be0a347320 of 132 bytes failed: Only part of a ReadProcessMemory or WriteProcessMemory request was completed. (0x12B)
[0922/215731.982:ERROR:process_memory_win.cc(73)] ReadMemory at 0x1be0a3474e0 of 126 bytes failed: Only part of a ReadProcessMemory or WriteProcessMemory request was completed. (0x12B)
[0922/215731.982:ERROR:process_memory_win.cc(73)] ReadMemory at 0x1be0a3478c0 of 132 bytes failed: Only part of a ReadProcessMemory or WriteProcessMemory request was completed. (0x12B)
[0922/215731.982:ERROR:process_memory_win.cc(73)] ReadMemory at 0x1be0a347a50 of 64 bytes failed: Only part of a ReadProcessMemory or WriteProcessMemory request was completed. (0x12B)
[0922/215731.982:ERROR:process_memory_win.cc(73)] ReadMemory at 0x1be0a347c10 of 132 bytes failed: Only part of a ReadProcessMemory or WriteProcessMemory request was completed. (0x12B)
[0922/215731.982:ERROR:process_memory_win.cc(73)] ReadMemory at 0x1be0a347eb0 of 132 bytes failed: Only part of a ReadProcessMemory or WriteProcessMemory request was completed. (0x12B)
[0922/215732.048:ERROR:process_memory_win.cc(73)] ReadMemory at 0x1be0a348040 of 68 bytes failed: Only part of a ReadProcessMemory or WriteProcessMemory request was completed. (0x12B)
[0922/215732.048:ERROR:process_memory_win.cc(73)] ReadMemory at 0x1be0a349110 of 132 bytes failed: Only part of a ReadProcessMemory or WriteProcessMemory request was completed. (0x12B)
[0922/215732.048:ERROR:process_memory_win.cc(73)] ReadMemory at 0x1be0a3492a0 of 154 bytes failed: Only part of a ReadProcessMemory or WriteProcessMemory request was completed. (0x12B)
[0922/215732.048:ERROR:process_memory_win.cc(73)] ReadMemory at 0x1be0a34d7a0 of 62 bytes failed: Only part of a ReadProcessMemory or WriteProcessMemory request was completed. (0x12B)
[0922/215732.048:ERROR:process_memory_win.cc(73)] ReadMemory at 0x1be0a34d900 of 132 bytes failed: Only part of a ReadProcessMemory or WriteProcessMemory request was completed. (0x12B)
[0922/215732.049:ERROR:process_memory_win.cc(73)] ReadMemory at 0x1be0a34da90 of 60 bytes failed: Only part of a ReadProcessMemory or WriteProcessMemory request was completed. (0x12B)
[0922/215732.049:ERROR:process_memory_win.cc(73)] ReadMemory at 0x1be0a362170 of 80 bytes failed: Only part of a ReadProcessMemory or WriteProcessMemory request was completed. (0x12B)
[0922/215732.049:ERROR:process_memory_win.cc(73)] ReadMemory at 0x1be0a3628d0 of 132 bytes failed: Only part of a ReadProcessMemory or WriteProcessMemory request was completed. (0x12B)
[0922/215732.212:ERROR:process_memory_win.cc(73)] ReadMemory at 0x1be0a362a00 of 132 bytes failed: Only part of a ReadProcessMemory or WriteProcessMemory request was completed. (0x12B)
[0922/215732.212:ERROR:process_memory_win.cc(73)] ReadMemory at 0x1be0a362b40 of 132 bytes failed: Only part of a ReadProcessMemory or WriteProcessMemory request was completed. (0x12B)
[0922/215732.212:ERROR:process_memory_win.cc(73)] ReadMemory at 0x1be0a366dd0 of 146 bytes failed: Only part of a ReadProcessMemory or WriteProcessMemory request was completed. (0x12B)
[0922/215732.212:ERROR:process_memory_win.cc(73)] ReadMemory at 0x1be0a368e20 of 132 bytes failed: Only part of a ReadProcessMemory or WriteProcessMemory request was completed. (0x12B)
[0922/215732.212:ERROR:process_memory_win.cc(73)] ReadMemory at 0x1be0a369030 of 132 bytes failed: Only part of a ReadProcessMemory or WriteProcessMemory request was completed. (0x12B)
[0922/215732.212:ERROR:process_memory_win.cc(73)] ReadMemory at 0x1be0a3692c0 of 54 bytes failed: Only part of a ReadProcessMemory or WriteProcessMemory request was completed. (0x12B)
[0922/215732.212:ERROR:process_memory_win.cc(73)] ReadMemory at 0x1be0a36b280 of 132 bytes failed: Only part of a ReadProcessMemory or WriteProcessMemory request was completed. (0x12B)
[0922/215732.212:ERROR:process_memory_win.cc(73)] ReadMemory at 0x1be0a36b3b0 of 132 bytes failed: Only part of a ReadProcessMemory or WriteProcessMemory request was completed. (0x12B)
[0922/215732.212:ERROR:process_memory_win.cc(73)] ReadMemory at 0x1be0a36ce40 of 64 bytes failed: Only part of a ReadProcessMemory or WriteProcessMemory request was completed. (0x12B)
[0922/215732.212:ERROR:process_memory_win.cc(73)] ReadMemory at 0x1be0a36cf30 of 64 bytes failed: Only part of a ReadProcessMemory or WriteProcessMemory request was completed. (0x12B)
[0922/215732.212:ERROR:process_memory_win.cc(73)] ReadMemory at 0x1be0a36cf80 of 64 bytes failed: Only part of a ReadProcessMemory or WriteProcessMemory request was completed. (0x12B)
[0922/215732.290:ERROR:process_memory_win.cc(73)] ReadMemory at 0x1be0a36d020 of 64 bytes failed: Only part of a ReadProcessMemory or WriteProcessMemory request was completed. (0x12B)
[0922/215732.290:ERROR:process_memory_win.cc(73)] ReadMemory at 0x1be0a36d070 of 58 bytes failed: Only part of a ReadProcessMemory or WriteProcessMemory request was completed. (0x12B)
[0922/215732.290:ERROR:process_memory_win.cc(73)] ReadMemory at 0x1be0a36d0c0 of 62 bytes failed: Only part of a ReadProcessMemory or WriteProcessMemory request was completed. (0x12B)
[0922/215732.290:ERROR:process_memory_win.cc(73)] ReadMemory at 0x1be0a36d110 of 64 bytes failed: Only part of a ReadProcessMemory or WriteProcessMemory request was completed. (0x12B)
[0922/215732.290:ERROR:process_memory_win.cc(73)] ReadMemory at 0x1be0a36d1b0 of 62 bytes failed: Only part of a ReadProcessMemory or WriteProcessMemory request was completed. (0x12B)
[0922/215732.290:ERROR:process_memory_win.cc(73)] ReadMemory at 0x1be0a36d200 of 60 bytes failed: Only part of a ReadProcessMemory or WriteProcessMemory request was completed. (0x12B)
[0922/215732.290:ERROR:process_memory_win.cc(73)] ReadMemory at 0x1be0a36d250 of 60 bytes failed: Only part of a ReadProcessMemory or WriteProcessMemory request was completed. (0x12B)
[0922/215732.362:ERROR:process_memory_win.cc(73)] ReadMemory at 0x1be0a36d2a0 of 62 bytes failed: Only part of a ReadProcessMemory or WriteProcessMemory request was completed. (0x12B)
[0922/215732.363:ERROR:process_memory_win.cc(73)] ReadMemory at 0x1be0a36d2f0 of 64 bytes failed: Only part of a ReadProcessMemory or WriteProcessMemory request was completed. (0x12B)
[0922/215732.363:ERROR:process_memory_win.cc(73)] ReadMemory at 0x1be0a36d390 of 62 bytes failed: Only part of a ReadProcessMemory or WriteProcessMemory request was completed. (0x12B)
[0922/215732.363:ERROR:process_memory_win.cc(73)] ReadMemory at 0x1be0a36d3e0 of 62 bytes failed: Only part of a ReadProcessMemory or WriteProcessMemory request was completed. (0x12B)
[0922/215732.363:ERROR:process_memory_win.cc(73)] ReadMemory at 0x1be0a36d430 of 66 bytes failed: Only part of a ReadProcessMemory or WriteProcessMemory request was completed. (0x12B)
[0922/215732.363:ERROR:process_memory_win.cc(73)] ReadMemory at 0x1be0a36d4d0 of 64 bytes failed: Only part of a ReadProcessMemory or WriteProcessMemory request was completed. (0x12B)
[0922/215732.363:ERROR:process_memory_win.cc(73)] ReadMemory at 0x1be0a36d520 of 64 bytes failed: Only part of a ReadProcessMemory or WriteProcessMemory request was completed. (0x12B)
[0922/215732.363:ERROR:process_memory_win.cc(73)] ReadMemory at 0x1be0a36d6b0 of 62 bytes failed: Only part of a ReadProcessMemory or WriteProcessMemory request was completed. (0x12B)
[0922/215732.363:ERROR:process_memory_win.cc(73)] ReadMemory at 0x1be0a36d930 of 62 bytes failed: Only part of a ReadProcessMemory or WriteProcessMemory request was completed. (0x12B)
[0922/215732.363:ERROR:process_memory_win.cc(73)] ReadMemory at 0x1be0a36d980 of 60 bytes failed: Only part of a ReadProcessMemory or WriteProcessMemory request was completed. (0x12B)
[0922/215732.363:ERROR:process_memory_win.cc(73)] ReadMemory at 0x1be0a36da20 of 66 bytes failed: Only part of a ReadProcessMemory or WriteProcessMemory request was completed. (0x12B)
[0922/215732.363:ERROR:process_memory_win.cc(73)] ReadMemory at 0x1be0a36dac0 of 60 bytes failed: Only part of a ReadProcessMemory or WriteProcessMemory request was completed. (0x12B)
[0922/215732.363:ERROR:process_memory_win.cc(73)] ReadMemory at 0x1be0a36dbb0 of 60 bytes failed: Only part of a ReadProcessMemory or WriteProcessMemory request was completed. (0x12B)
[0922/215732.363:ERROR:process_memory_win.cc(73)] ReadMemory at 0x1be0a36dc00 of 62 bytes failed: Only part of a ReadProcessMemory or WriteProcessMemory request was completed. (0x12B)
[0922/215732.382:ERROR:process_memory_win.cc(73)] ReadMemory at 0x1be0a36dc50 of 60 bytes failed: Only part of a ReadProcessMemory or WriteProcessMemory request was completed. (0x12B)
[0922/215732.383:ERROR:process_memory_win.cc(73)] ReadMemory at 0x1be0a36dcf0 of 62 bytes failed: Only part of a ReadProcessMemory or WriteProcessMemory request was completed. (0x12B)
[0922/215732.383:ERROR:process_memory_win.cc(73)] ReadMemory at 0x1be0a36dd40 of 62 bytes failed: Only part of a ReadProcessMemory or WriteProcessMemory request was completed. (0x12B)
[0922/215732.383:ERROR:process_memory_win.cc(73)] ReadMemory at 0x1be0a36de00 of 132 bytes failed: Only part of a ReadProcessMemory or WriteProcessMemory request was completed. (0x12B)
[0922/215732.383:ERROR:process_memory_win.cc(73)] ReadMemory at 0x1be0a36df30 of 132 bytes failed: Only part of a ReadProcessMemory or WriteProcessMemory request was completed. (0x12B)
[0922/215732.383:ERROR:process_memory_win.cc(73)] ReadMemory at 0x1be0a36e190 of 132 bytes failed: Only part of a ReadProcessMemory or WriteProcessMemory request was completed. (0x12B)
[0922/215732.383:ERROR:process_memory_win.cc(73)] ReadMemory at 0x1be0a36e2c0 of 132 bytes failed: Only part of a ReadProcessMemory or WriteProcessMemory request was completed. (0x12B)
[0922/215732.383:ERROR:process_memory_win.cc(73)] ReadMemory at 0x1be0a36e3f0 of 132 bytes failed: Only part of a ReadProcessMemory or WriteProcessMemory request was completed. (0x12B)
[0922/215732.383:ERROR:process_memory_win.cc(73)] ReadMemory at 0x1be0a36e520 of 132 bytes failed: Only part of a ReadProcessMemory or WriteProcessMemory request was completed. (0x12B)
[0922/215732.383:ERROR:process_memory_win.cc(73)] ReadMemory at 0x1be0a36e650 of 132 bytes failed: Only part of a ReadProcessMemory or WriteProcessMemory request was completed. (0x12B)
[0922/215732.383:ERROR:process_memory_win.cc(73)] ReadMemory at 0x1be0a36e780 of 132 bytes failed: Only part of a ReadProcessMemory or WriteProcessMemory request was completed. (0x12B)
[0922/215732.383:ERROR:process_memory_win.cc(73)] ReadMemory at 0x1be0a36e8b0 of 132 bytes failed: Only part of a ReadProcessMemory or WriteProcessMemory request was completed. (0x12B)
[0922/215732.384:ERROR:process_memory_win.cc(73)] ReadMemory at 0x1be0a36e9e0 of 132 bytes failed: Only part of a ReadProcessMemory or WriteProcessMemory request was completed. (0x12B)
[0922/215732.384:ERROR:process_memory_win.cc(73)] ReadMemory at 0x1be0a36eb10 of 132 bytes failed: Only part of a ReadProcessMemory or WriteProcessMemory request was completed. (0x12B)
[0922/215732.384:ERROR:process_memory_win.cc(73)] ReadMemory at 0x1be0a36ec40 of 132 bytes failed: Only part of a ReadProcessMemory or WriteProcessMemory request was completed. (0x12B)
[0922/215732.415:ERROR:process_memory_win.cc(73)] ReadMemory at 0x1be0a36f170 of 76 bytes failed: Only part of a ReadProcessMemory or WriteProcessMemory request was completed. (0x12B)
[0922/215732.415:ERROR:process_memory_win.cc(73)] ReadMemory at 0x1be0a36f650 of 80 bytes failed: Only part of a ReadProcessMemory or WriteProcessMemory request was completed. (0x12B)
[0922/215732.415:ERROR:process_memory_win.cc(73)] ReadMemory at 0x1be0a3719e0 of 132 bytes failed: Only part of a ReadProcessMemory or WriteProcessMemory request was completed. (0x12B)
[0922/215732.415:ERROR:process_memory_win.cc(73)] ReadMemory at 0x1be0a371c00 of 132 bytes failed: Only part of a ReadProcessMemory or WriteProcessMemory request was completed. (0x12B)
[0922/215732.415:ERROR:process_memory_win.cc(73)] ReadMemory at 0x1be0a371e20 of 132 bytes failed: Only part of a ReadProcessMemory or WriteProcessMemory request was completed. (0x12B)
[0922/215732.415:ERROR:process_memory_win.cc(73)] ReadMemory at 0x1be0a3726c0 of 132 bytes failed: Only part of a ReadProcessMemory or WriteProcessMemory request was completed. (0x12B)
[0922/215732.415:ERROR:process_memory_win.cc(73)] ReadMemory at 0x1be0a3727f0 of 132 bytes failed: Only part of a ReadProcessMemory or WriteProcessMemory request was completed. (0x12B)
[0922/215732.415:ERROR:process_memory_win.cc(73)] ReadMemory at 0x1be0a372a50 of 132 bytes failed: Only part of a ReadProcessMemory or WriteProcessMemory request was completed. (0x12B)
[0922/215732.415:ERROR:process_memory_win.cc(73)] ReadMemory at 0x1be0a373170 of 132 bytes failed: Only part of a ReadProcessMemory or WriteProcessMemory request was completed. (0x12B)
[0922/215732.451:ERROR:process_memory_win.cc(73)] ReadMemory at 0x1be0a3732a0 of 132 bytes failed: Only part of a ReadProcessMemory or WriteProcessMemory request was completed. (0x12B)
[0922/215732.451:ERROR:process_memory_win.cc(73)] ReadMemory at 0x1be0a3733d0 of 132 bytes failed: Only part of a ReadProcessMemory or WriteProcessMemory request was completed. (0x12B)
[0922/215732.451:ERROR:process_memory_win.cc(73)] ReadMemory at 0x1be0a373500 of 132 bytes failed: Only part of a ReadProcessMemory or WriteProcessMemory request was completed. (0x12B)
[0922/215732.520:ERROR:process_memory_win.cc(73)] ReadMemory at 0x1be0a373630 of 132 bytes failed: Only part of a ReadProcessMemory or WriteProcessMemory request was completed. (0x12B)
[0922/215732.520:ERROR:process_memory_win.cc(73)] ReadMemory at 0x1be0a373890 of 132 bytes failed: Only part of a ReadProcessMemory or WriteProcessMemory request was completed. (0x12B)
[0922/215732.546:ERROR:process_memory_win.cc(73)] ReadMemory at 0x1be0a373c20 of 132 bytes failed: Only part of a ReadProcessMemory or WriteProcessMemory request was completed. (0x12B)
[0922/215732.558:ERROR:process_memory_win.cc(73)] ReadMemory at 0x1be0a3dd2c0 of 512 bytes failed: Only part of a ReadProcessMemory or WriteProcessMemory request was completed. (0x12B)
[0922/215732.558:ERROR:process_memory_win.cc(73)] ReadMemory at 0x1be0a3e0a90 of 512 bytes failed: Only part of a ReadProcessMemory or WriteProcessMemory request was completed. (0x12B)
[0922/215732.559:ERROR:process_memory_win.cc(73)] ReadMemory at 0x1be0a3e48e0 of 512 bytes failed: Only part of a ReadProcessMemory or WriteProcessMemory request was completed. (0x12B)
[0922/215732.559:ERROR:process_memory_win.cc(73)] ReadMemory at 0x1be0a409d70 of 512 bytes failed: Only part of a ReadProcessMemory or WriteProcessMemory request was completed. (0x12B)
[0922/215732.559:ERROR:process_memory_win.cc(73)] ReadMemory at 0x1be0a40a3c0 of 512 bytes failed: Only part of a ReadProcessMemory or WriteProcessMemory request was completed. (0x12B)
[0922/215732.559:ERROR:process_memory_win.cc(73)] ReadMemory at 0x1be0a41c490 of 712 bytes failed: Only part of a ReadProcessMemory or WriteProcessMemory request was completed. (0x12B)
[0922/215732.559:ERROR:process_memory_win.cc(73)] ReadMemory at 0x1be0a4b0cd0 of 944 bytes failed: Only part of a ReadProcessMemory or WriteProcessMemory request was completed. (0x12B)
[0922/215732.559:ERROR:process_memory_win.cc(73)] ReadMemory at 0x1be0a4b28c0 of 512 bytes failed: Only part of a ReadProcessMemory or WriteProcessMemory request was completed. (0x12B)
[0922/215732.559:ERROR:process_memory_win.cc(73)] ReadMemory at 0x1be0a4b2bc0 of 512 bytes failed: Only part of a ReadProcessMemory or WriteProcessMemory request was completed. (0x12B)
[0922/215732.559:ERROR:process_memory_win.cc(73)] ReadMemory at 0x1be0bc6e220 of 512 bytes failed: Only part of a ReadProcessMemory or WriteProcessMemory request was completed. (0x12B)
[0922/215732.559:ERROR:process_memory_win.cc(73)] ReadMemory at 0x1be0bc93a10 of 512 bytes failed: Only part of a ReadProcessMemory or WriteProcessMemory request was completed. (0x12B)
[0922/215732.559:ERROR:process_memory_win.cc(73)] ReadMemory at 0x1be0bc9a760 of 512 bytes failed: Only part of a ReadProcessMemory or WriteProcessMemory request was completed. (0x12B)
[0922/215732.559:ERROR:process_memory_win.cc(73)] ReadMemory at 0x1be0bd5b0b4 of 878 bytes failed: Only part of a ReadProcessMemory or WriteProcessMemory request was completed. (0x12B)
[0922/215732.559:ERROR:process_memory_win.cc(73)] ReadMemory at 0x1be0bd5b5a4 of 512 bytes failed: Only part of a ReadProcessMemory or WriteProcessMemory request was completed. (0x12B)
[0922/215732.559:ERROR:process_memory_win.cc(73)] ReadMemory at 0x1be0bd8be60 of 512 bytes failed: Only part of a ReadProcessMemory or WriteProcessMemory request was completed. (0x12B)
[0922/215732.559:ERROR:process_memory_win.cc(73)] ReadMemory at 0x1be0c1e0320 of 512 bytes failed: Only part of a ReadProcessMemory or WriteProcessMemory request was completed. (0x12B)
[0922/215732.559:ERROR:process_memory_win.cc(73)] ReadMemory at 0x1be0cda51a0 of 512 bytes failed: Only part of a ReadProcessMemory or WriteProcessMemory request was completed. (0x12B)
[0922/215732.559:ERROR:process_memory_win.cc(73)] ReadMemory at 0x1be0cdb8a20 of 512 bytes failed: Only part of a ReadProcessMemory or WriteProcessMemory request was completed. (0x12B)
[0922/215732.559:ERROR:process_memory_win.cc(73)] ReadMemory at 0x1be0e99c600 of 512 bytes failed: Only part of a ReadProcessMemory or WriteProcessMemory request was completed. (0x12B)
[0922/215732.559:ERROR:process_memory_win.cc(73)] ReadMemory at 0x1be0f10a430 of 512 bytes failed: Only part of a ReadProcessMemory or WriteProcessMemory request was completed. (0x12B)
[0922/215732.559:ERROR:process_memory_win.cc(73)] ReadMemory at 0x1be0f4ef4c0 of 512 bytes failed: Only part of a ReadProcessMemory or WriteProcessMemory request was completed. (0x12B)
[0922/215732.559:ERROR:process_memory_win.cc(73)] ReadMemory at 0x1be0f4f0540 of 512 bytes failed: Only part of a ReadProcessMemory or WriteProcessMemory request was completed. (0x12B)
[0922/215732.560:ERROR:process_memory_win.cc(73)] ReadMemory at 0x1be0f74e720 of 512 bytes failed: Only part of a ReadProcessMemory or WriteProcessMemory request was completed. (0x12B)
[0922/215732.560:ERROR:process_memory_win.cc(73)] ReadMemory at 0x1be0fc6c490 of 512 bytes failed: Only part of a ReadProcessMemory or WriteProcessMemory request was completed. (0x12B)
[0922/215732.560:ERROR:process_memory_win.cc(73)] ReadMemory at 0x1be0fc6c990 of 512 bytes failed: Only part of a ReadProcessMemory or WriteProcessMemory request was completed. (0x12B)
[0922/215732.560:ERROR:process_memory_win.cc(73)] ReadMemory at 0x1bef2cbc340 of 512 bytes failed: Only part of a ReadProcessMemory or WriteProcessMemory request was completed. (0x12B)
[0922/215732.623:ERROR:process_memory_win.cc(73)] ReadMemory at 0x2a5a154495d8 of 520 bytes failed: Only part of a ReadProcessMemory or WriteProcessMemory request was completed. (0x12B)
[0922/215732.623:ERROR:process_memory_win.cc(73)] ReadMemory at 0x305f081400a1 of 644 bytes failed: Only part of a ReadProcessMemory or WriteProcessMemory request was completed. (0x12B)
[0922/215732.623:ERROR:process_memory_win.cc(73)] ReadMemory at 0x305f082bba11 of 512 bytes failed: Only part of a ReadProcessMemory or WriteProcessMemory request was completed. (0x12B)
[0922/215732.623:ERROR:process_memory_win.cc(73)] ReadMemory at 0x305f092adae9 of 512 bytes failed: Only part of a ReadProcessMemory or WriteProcessMemory request was completed. (0x12B)
[0922/215732.623:ERROR:process_memory_win.cc(73)] ReadMemory at 0x305f092ae541 of 512 bytes failed: Only part of a ReadProcessMemory or WriteProcessMemory request was completed. (0x12B)
[0922/215732.643:ERROR:process_memory_win.cc(73)] ReadMemory at 0x305f1b81c099 of 512 bytes failed: Only part of a ReadProcessMemory or WriteProcessMemory request was completed. (0x12B)
[0922/215732.643:ERROR:process_memory_win.cc(73)] ReadMemory at 0x6fce9b875828 of 512 bytes failed: Only part of a ReadProcessMemory or WriteProcessMemory request was completed. (0x12B)
[0922/215732.643:ERROR:process_memory_win.cc(73)] ReadMemory at 0x7bc44dc138b0 of 512 bytes failed: Only part of a ReadProcessMemory or WriteProcessMemory request was completed. (0x12B)
[0922/215732.692:ERROR:process_memory_win.cc(73)] ReadMemory at 0x7ffebbf3e0c0 of 512 bytes failed: Only part of a ReadProcessMemory or WriteProcessMemory request was completed. (0x12B)
[0922/215732.692:ERROR:process_memory_win.cc(73)] ReadMemory at 0x7ffebc637160 of 512 bytes failed: Only part of a ReadProcessMemory or WriteProcessMemory request was completed. (0x12B)
[0922/215732.692:ERROR:process_memory_win.cc(73)] ReadMemory at 0x7ffebc7272d0 of 512 bytes failed: Only part of a ReadProcessMemory or WriteProcessMemory request was completed. (0x12B)
[0922/215732.692:ERROR:process_memory_win.cc(73)] ReadMemory at 0x7ffebd1c9f50 of 512 bytes failed: Only part of a ReadProcessMemory or WriteProcessMemory request was completed. (0x12B)
[0922/215732.692:ERROR:process_memory_win.cc(73)] ReadMemory at 0x7ffee2985160 of 512 bytes failed: Only part of a ReadProcessMemory or WriteProcessMemory request was completed. (0x12B)
[0922/215732.692:ERROR:process_memory_win.cc(73)] ReadMemory at 0x7ffee2985867 of 512 bytes failed: Only part of a ReadProcessMemory or WriteProcessMemory request was completed. (0x12B)
[0922/215732.692:ERROR:process_memory_win.cc(73)] ReadMemory at 0x7fff1e951f80 of 512 bytes failed: Only part of a ReadProcessMemory or WriteProcessMemory request was completed. (0x12B)
[0922/215732.692:ERROR:process_memory_win.cc(73)] ReadMemory at 0x7fff1fe9c074 of 672 bytes failed: Only part of a ReadProcessMemory or WriteProcessMemory request was completed. (0x12B)
[0922/215732.692:ERROR:process_memory_win.cc(73)] ReadMemory at 0x7fff1fe9f924 of 608 bytes failed: Only part of a ReadProcessMemory or WriteProcessMemory request was completed. (0x12B)
[0922/215732.692:ERROR:process_memory_win.cc(73)] ReadMemory at 0x7fff1ff2c428 of 18 bytes failed: Only part of a ReadProcessMemory or WriteProcessMemory request was completed. (0x12B)
[0922/215732.692:ERROR:process_memory_win.cc(73)] ReadMemory at 0x7fff1ff5f4f8 of 40 bytes failed: Only part of a ReadProcessMemory or WriteProcessMemory request was completed. (0x12B)
[0922/215732.692:ERROR:process_memory_win.cc(73)] ReadMemory at 0x7fff1ff5f978 of 48 bytes failed: Only part of a ReadProcessMemory or WriteProcessMemory request was completed. (0x12B)
[0922/215732.692:ERROR:process_memory_win.cc(73)] ReadMemory at 0x7fff1ff653c0 of 64 bytes failed: Only part of a ReadProcessMemory or WriteProcessMemory request was completed. (0x12B)
[0922/215732.708:ERROR:scoped_process_suspend.cc(40)] NtResumeProcess: An attempt was made to access an exiting process. (0xc000010a)
